DEBUG - Received message from server to add row for Mouse
DEBUG - Received message from server to modify row 1
DEBUG - Received message from server to modify row 1
DEBUG - Received message from server to add row for Mouse
DEBUG - Received message from server to modify row 1
DEBUG - Received message from server to modify row 1
INFO - Starting transfer for Mouse from user1
DEBUG - Received the first 0 bytes from 236 for Mouse
DEBUG - Received message from server to add row for Tastatura
DEBUG - Received message from server to modify row 1
DEBUG - Received message from server to modify row 1
DEBUG - Received the first 1024 bytes from 26656 for Tastatura
DEBUG - Received the first 2048 bytes from 26656 for Tastatura
DEBUG - Received the first 3072 bytes from 26656 for Tastatura
DEBUG - Received the first 4096 bytes from 26656 for Tastatura
DEBUG - Received the first 5120 bytes from 26656 for Tastatura
DEBUG - Received the first 6144 bytes from 26656 for Tastatura
DEBUG - Received the first 7168 bytes from 26656 for Tastatura
DEBUG - Received the first 8192 bytes from 26656 for Tastatura
DEBUG - Received the first 9216 bytes from 26656 for Tastatura
DEBUG - Received the first 10240 bytes from 26656 for Tastatura
DEBUG - Received the first 11264 bytes from 26656 for Tastatura
DEBUG - Received the first 12288 bytes from 26656 for Tastatura
DEBUG - Received the first 13312 bytes from 26656 for Tastatura
DEBUG - Received the first 14336 bytes from 26656 for Tastatura
DEBUG - Received the first 15360 bytes from 26656 for Tastatura
DEBUG - Received the first 16384 bytes from 26656 for Tastatura
DEBUG - Received the first 17408 bytes from 26656 for Tastatura
DEBUG - Received the first 18432 bytes from 26656 for Tastatura
DEBUG - Received the first 19456 bytes from 26656 for Tastatura
DEBUG - Received the first 20480 bytes from 26656 for Tastatura
DEBUG - Received the first 21504 bytes from 26656 for Tastatura
DEBUG - Received the first 22528 bytes from 26656 for Tastatura
DEBUG - Received the first 23552 bytes from 26656 for Tastatura
DEBUG - Received the first 24576 bytes from 26656 for Tastatura
DEBUG - Received the first 25600 bytes from 26656 for Tastatura
DEBUG - Received the first 26624 bytes from 26656 for Tastatura
DEBUG - Received message from server to add row for Tastatura
DEBUG - Received message from server to add row for Mouse
DEBUG - Received message from server to modify row 1
DEBUG - Received message from server to modify row 1
DEBUG - Received message from server to add row for Mouse
DEBUG - Received message from server to modify row 1
DEBUG - Received message from server to modify row 1
DEBUG - Received message from server to add row for Mouse
DEBUG - Received message from server to modify row 1
DEBUG - Received message from server to modify row 1
DEBUG - Received message from server to add row for Mouse
DEBUG - Received message from server to modify row 1
DEBUG - Received message from server to modify row 1
INFO - Starting transfer for Mouse from user1
DEBUG - Received the first 0 bytes from 236 for Mouse
DEBUG - Received the first 128 bytes from 236 for Mouse
DEBUG - Received message from server to add row for Mouse
DEBUG - Received message from server to modify row 1
DEBUG - Received message from server to modify row 1
INFO - Starting transfer for Mouse from user1
DEBUG - Received the first 0 bytes from 236 for Mouse
DEBUG - Received message from server to add row for Mouse
DEBUG - Received message from server to modify row 1
DEBUG - Received message from server to modify row 1
DEBUG - Received message from server to add row for Tastatura
DEBUG - Received message from server to modify row 1
DEBUG - Received message from server to modify row 1
INFO - Starting transfer for Tastatura from user1
DEBUG - Received the first 0 bytes from 26656 for Tastatura
DEBUG - Received the first 256 bytes from 26656 for Tastatura
DEBUG - Received the first 512 bytes from 26656 for Tastatura
DEBUG - Received the first 768 bytes from 26656 for Tastatura
DEBUG - Received the first 1024 bytes from 26656 for Tastatura
DEBUG - Received the first 1280 bytes from 26656 for Tastatura
DEBUG - Received the first 1536 bytes from 26656 for Tastatura
DEBUG - Received the first 1792 bytes from 26656 for Tastatura
DEBUG - Received the first 2048 bytes from 26656 for Tastatura
DEBUG - Received the first 2304 bytes from 26656 for Tastatura
DEBUG - Received the first 2560 bytes from 26656 for Tastatura
DEBUG - Received the first 2816 bytes from 26656 for Tastatura
DEBUG - Received the first 3072 bytes from 26656 for Tastatura
DEBUG - Received the first 3328 bytes from 26656 for Tastatura
DEBUG - Received the first 3584 bytes from 26656 for Tastatura
DEBUG - Received the first 3840 bytes from 26656 for Tastatura
DEBUG - Received the first 4096 bytes from 26656 for Tastatura
DEBUG - Received the first 4352 bytes from 26656 for Tastatura
DEBUG - Received the first 4608 bytes from 26656 for Tastatura
DEBUG - Received the first 4864 bytes from 26656 for Tastatura
DEBUG - Received the first 5120 bytes from 26656 for Tastatura
DEBUG - Received the first 5376 bytes from 26656 for Tastatura
DEBUG - Received the first 5632 bytes from 26656 for Tastatura
DEBUG - Received the first 5888 bytes from 26656 for Tastatura
DEBUG - Received the first 6144 bytes from 26656 for Tastatura
DEBUG - Received the first 6400 bytes from 26656 for Tastatura
DEBUG - Received the first 6656 bytes from 26656 for Tastatura
DEBUG - Received the first 6912 bytes from 26656 for Tastatura
DEBUG - Received the first 7168 bytes from 26656 for Tastatura
DEBUG - Received the first 7424 bytes from 26656 for Tastatura
DEBUG - Received the first 7680 bytes from 26656 for Tastatura
DEBUG - Received the first 7936 bytes from 26656 for Tastatura
DEBUG - Received the first 8192 bytes from 26656 for Tastatura
DEBUG - Received the first 8448 bytes from 26656 for Tastatura
DEBUG - Received the first 8704 bytes from 26656 for Tastatura
DEBUG - Received the first 8960 bytes from 26656 for Tastatura
DEBUG - Received the first 9216 bytes from 26656 for Tastatura
DEBUG - Received the first 9472 bytes from 26656 for Tastatura
DEBUG - Received the first 9728 bytes from 26656 for Tastatura
DEBUG - Received the first 9984 bytes from 26656 for Tastatura
DEBUG - Received the first 10240 bytes from 26656 for Tastatura
DEBUG - Received the first 10496 bytes from 26656 for Tastatura
DEBUG - Received the first 10752 bytes from 26656 for Tastatura
DEBUG - Received the first 11008 bytes from 26656 for Tastatura
DEBUG - Received the first 11264 bytes from 26656 for Tastatura
DEBUG - Received the first 11520 bytes from 26656 for Tastatura
DEBUG - Received the first 11776 bytes from 26656 for Tastatura
DEBUG - Received the first 12032 bytes from 26656 for Tastatura
DEBUG - Received the first 12288 bytes from 26656 for Tastatura
DEBUG - Received the first 12544 bytes from 26656 for Tastatura
DEBUG - Received the first 12800 bytes from 26656 for Tastatura
DEBUG - Received the first 13056 bytes from 26656 for Tastatura
DEBUG - Received the first 13312 bytes from 26656 for Tastatura
DEBUG - Received the first 13568 bytes from 26656 for Tastatura
DEBUG - Received the first 13824 bytes from 26656 for Tastatura
DEBUG - Received the first 14080 bytes from 26656 for Tastatura
DEBUG - Received the first 14336 bytes from 26656 for Tastatura
DEBUG - Received the first 14592 bytes from 26656 for Tastatura
DEBUG - Received the first 14848 bytes from 26656 for Tastatura
DEBUG - Received the first 15104 bytes from 26656 for Tastatura
DEBUG - Received the first 15360 bytes from 26656 for Tastatura
DEBUG - Received the first 15616 bytes from 26656 for Tastatura
DEBUG - Received the first 15872 bytes from 26656 for Tastatura
DEBUG - Received the first 16128 bytes from 26656 for Tastatura
DEBUG - Received the first 16384 bytes from 26656 for Tastatura
DEBUG - Received the first 16640 bytes from 26656 for Tastatura
DEBUG - Received the first 16896 bytes from 26656 for Tastatura
DEBUG - Received the first 17152 bytes from 26656 for Tastatura
DEBUG - Received the first 17408 bytes from 26656 for Tastatura
DEBUG - Received the first 17664 bytes from 26656 for Tastatura
DEBUG - Received the first 17920 bytes from 26656 for Tastatura
DEBUG - Received the first 18176 bytes from 26656 for Tastatura
DEBUG - Received the first 18432 bytes from 26656 for Tastatura
DEBUG - Received the first 18688 bytes from 26656 for Tastatura
DEBUG - Received the first 18944 bytes from 26656 for Tastatura
DEBUG - Received the first 19200 bytes from 26656 for Tastatura
DEBUG - Received the first 19456 bytes from 26656 for Tastatura
DEBUG - Received the first 19712 bytes from 26656 for Tastatura
DEBUG - Received the first 19968 bytes from 26656 for Tastatura
DEBUG - Received the first 20224 bytes from 26656 for Tastatura
DEBUG - Received the first 20480 bytes from 26656 for Tastatura
DEBUG - Received the first 20736 bytes from 26656 for Tastatura
DEBUG - Received the first 20992 bytes from 26656 for Tastatura
DEBUG - Received the first 21248 bytes from 26656 for Tastatura
DEBUG - Received the first 21504 bytes from 26656 for Tastatura
DEBUG - Received the first 21760 bytes from 26656 for Tastatura
DEBUG - Received the first 22016 bytes from 26656 for Tastatura
DEBUG - Received the first 22272 bytes from 26656 for Tastatura
DEBUG - Received the first 22528 bytes from 26656 for Tastatura
DEBUG - Received the first 22784 bytes from 26656 for Tastatura
DEBUG - Received the first 23040 bytes from 26656 for Tastatura
DEBUG - Received the first 23296 bytes from 26656 for Tastatura
DEBUG - Received the first 23552 bytes from 26656 for Tastatura
DEBUG - Received the first 23808 bytes from 26656 for Tastatura
DEBUG - Received the first 24064 bytes from 26656 for Tastatura
DEBUG - Received the first 24320 bytes from 26656 for Tastatura
DEBUG - Received the first 24576 bytes from 26656 for Tastatura
DEBUG - Received the first 24832 bytes from 26656 for Tastatura
DEBUG - Received the first 25088 bytes from 26656 for Tastatura
DEBUG - Received the first 25344 bytes from 26656 for Tastatura
DEBUG - Received the first 25600 bytes from 26656 for Tastatura
DEBUG - Received the first 25856 bytes from 26656 for Tastatura
DEBUG - Received the first 26112 bytes from 26656 for Tastatura
DEBUG - Received the first 26368 bytes from 26656 for Tastatura
DEBUG - Received the first 26624 bytes from 26656 for Tastatura
DEBUG - Received message from server to add row for Mouse
DEBUG - Received message from server to add row for Mouse
DEBUG - Received message from server to modify row 1
DEBUG - Received message from server to modify row 1
DEBUG - Received message from server to add row for Tastatura
DEBUG - Received message from server to add row for Mouse
DEBUG - Received message from server to add row for Mouse
DEBUG - Received message from server to modify row 1
DEBUG - Received message from server to modify row 1
DEBUG - Received message from server to add row for Mouse
DEBUG - Received message from server to modify row 1
DEBUG - Received message from server to modify row 1
INFO - Starting transfer for Mouse from user1
DEBUG - Received the first 0 bytes from 265 for Mouse
DEBUG - Received the first 256 bytes from 265 for Mouse
DEBUG - Received message from server to add row for Tastatura
DEBUG - Received message from server to modify row 1
DEBUG - Received message from server to modify row 1
INFO - Starting transfer for Tastatura from user1
DEBUG - Received the first 0 bytes from 26656 for Tastatura
DEBUG - Received the first 256 bytes from 26656 for Tastatura
DEBUG - Received the first 512 bytes from 26656 for Tastatura
DEBUG - Received the first 768 bytes from 26656 for Tastatura
DEBUG - Received the first 1024 bytes from 26656 for Tastatura
DEBUG - Received the first 1280 bytes from 26656 for Tastatura
DEBUG - Received the first 1536 bytes from 26656 for Tastatura
DEBUG - Received the first 1792 bytes from 26656 for Tastatura
DEBUG - Received the first 2048 bytes from 26656 for Tastatura
DEBUG - Received the first 2304 bytes from 26656 for Tastatura
DEBUG - Received the first 2560 bytes from 26656 for Tastatura
DEBUG - Received the first 2816 bytes from 26656 for Tastatura
DEBUG - Received the first 3072 bytes from 26656 for Tastatura
DEBUG - Received the first 3328 bytes from 26656 for Tastatura
DEBUG - Received the first 3584 bytes from 26656 for Tastatura
DEBUG - Received the first 3840 bytes from 26656 for Tastatura
DEBUG - Received the first 4096 bytes from 26656 for Tastatura
DEBUG - Received the first 4352 bytes from 26656 for Tastatura
DEBUG - Received the first 4608 bytes from 26656 for Tastatura
DEBUG - Received the first 4864 bytes from 26656 for Tastatura
DEBUG - Received the first 5120 bytes from 26656 for Tastatura
DEBUG - Received the first 5376 bytes from 26656 for Tastatura
DEBUG - Received the first 5632 bytes from 26656 for Tastatura
DEBUG - Received the first 5888 bytes from 26656 for Tastatura
DEBUG - Received the first 6144 bytes from 26656 for Tastatura
DEBUG - Received the first 6400 bytes from 26656 for Tastatura
DEBUG - Received the first 6656 bytes from 26656 for Tastatura
DEBUG - Received the first 6912 bytes from 26656 for Tastatura
DEBUG - Received the first 7168 bytes from 26656 for Tastatura
DEBUG - Received the first 7424 bytes from 26656 for Tastatura
DEBUG - Received the first 7680 bytes from 26656 for Tastatura
DEBUG - Received the first 7936 bytes from 26656 for Tastatura
DEBUG - Received the first 8192 bytes from 26656 for Tastatura
DEBUG - Received the first 8448 bytes from 26656 for Tastatura
DEBUG - Received the first 8704 bytes from 26656 for Tastatura
DEBUG - Received the first 8960 bytes from 26656 for Tastatura
DEBUG - Received the first 9216 bytes from 26656 for Tastatura
DEBUG - Received the first 9472 bytes from 26656 for Tastatura
DEBUG - Received the first 9728 bytes from 26656 for Tastatura
DEBUG - Received the first 9984 bytes from 26656 for Tastatura
DEBUG - Received the first 10240 bytes from 26656 for Tastatura
DEBUG - Received the first 10496 bytes from 26656 for Tastatura
DEBUG - Received the first 10752 bytes from 26656 for Tastatura
DEBUG - Received the first 11008 bytes from 26656 for Tastatura
DEBUG - Received the first 11264 bytes from 26656 for Tastatura
DEBUG - Received the first 11520 bytes from 26656 for Tastatura
DEBUG - Received the first 11776 bytes from 26656 for Tastatura
DEBUG - Received the first 12032 bytes from 26656 for Tastatura
DEBUG - Received the first 12288 bytes from 26656 for Tastatura
DEBUG - Received the first 12544 bytes from 26656 for Tastatura
DEBUG - Received the first 12800 bytes from 26656 for Tastatura
DEBUG - Received the first 13056 bytes from 26656 for Tastatura
DEBUG - Received the first 13312 bytes from 26656 for Tastatura
DEBUG - Received the first 13568 bytes from 26656 for Tastatura
DEBUG - Received the first 13824 bytes from 26656 for Tastatura
DEBUG - Received the first 14080 bytes from 26656 for Tastatura
DEBUG - Received the first 14336 bytes from 26656 for Tastatura
DEBUG - Received the first 14592 bytes from 26656 for Tastatura
DEBUG - Received the first 14848 bytes from 26656 for Tastatura
DEBUG - Received the first 15104 bytes from 26656 for Tastatura
DEBUG - Received the first 15360 bytes from 26656 for Tastatura
DEBUG - Received the first 15616 bytes from 26656 for Tastatura
DEBUG - Received the first 15872 bytes from 26656 for Tastatura
DEBUG - Received the first 16128 bytes from 26656 for Tastatura
DEBUG - Received the first 16384 bytes from 26656 for Tastatura
DEBUG - Received the first 16640 bytes from 26656 for Tastatura
DEBUG - Received the first 16896 bytes from 26656 for Tastatura
DEBUG - Received the first 17152 bytes from 26656 for Tastatura
DEBUG - Received the first 17408 bytes from 26656 for Tastatura
DEBUG - Received the first 17664 bytes from 26656 for Tastatura
DEBUG - Received the first 17920 bytes from 26656 for Tastatura
DEBUG - Received the first 18176 bytes from 26656 for Tastatura
DEBUG - Received the first 18432 bytes from 26656 for Tastatura
DEBUG - Received the first 18688 bytes from 26656 for Tastatura
DEBUG - Received the first 18944 bytes from 26656 for Tastatura
DEBUG - Received the first 19200 bytes from 26656 for Tastatura
DEBUG - Received the first 19456 bytes from 26656 for Tastatura
DEBUG - Received the first 19712 bytes from 26656 for Tastatura
DEBUG - Received the first 19968 bytes from 26656 for Tastatura
DEBUG - Received the first 20224 bytes from 26656 for Tastatura
DEBUG - Received the first 20480 bytes from 26656 for Tastatura
DEBUG - Received the first 20736 bytes from 26656 for Tastatura
DEBUG - Received the first 20992 bytes from 26656 for Tastatura
DEBUG - Received the first 21248 bytes from 26656 for Tastatura
DEBUG - Received the first 21504 bytes from 26656 for Tastatura
DEBUG - Received the first 21760 bytes from 26656 for Tastatura
DEBUG - Received the first 22016 bytes from 26656 for Tastatura
DEBUG - Received the first 22272 bytes from 26656 for Tastatura
DEBUG - Received the first 22528 bytes from 26656 for Tastatura
DEBUG - Received the first 22784 bytes from 26656 for Tastatura
DEBUG - Received the first 23040 bytes from 26656 for Tastatura
DEBUG - Received the first 23296 bytes from 26656 for Tastatura
DEBUG - Received the first 23552 bytes from 26656 for Tastatura
DEBUG - Received the first 23808 bytes from 26656 for Tastatura
DEBUG - Received the first 24064 bytes from 26656 for Tastatura
DEBUG - Received the first 24320 bytes from 26656 for Tastatura
DEBUG - Received the first 24576 bytes from 26656 for Tastatura
DEBUG - Received the first 24832 bytes from 26656 for Tastatura
DEBUG - Received the first 25088 bytes from 26656 for Tastatura
DEBUG - Received the first 25344 bytes from 26656 for Tastatura
DEBUG - Received the first 25600 bytes from 26656 for Tastatura
DEBUG - Received the first 25856 bytes from 26656 for Tastatura
DEBUG - Received the first 26112 bytes from 26656 for Tastatura
DEBUG - Received the first 26368 bytes from 26656 for Tastatura
DEBUG - Received the first 26624 bytes from 26656 for Tastatura
DEBUG - Received message from server to add row for Mouse
DEBUG - Received message from server to modify row 1
DEBUG - Received message from server to modify row 1
DEBUG - Received the first 256 bytes from 265 for Mouse
DEBUG - Received message from server to add row for Mouse
DEBUG - Received message from server to add row for Tastatura
DEBUG - Received message from server to modify row 1
DEBUG - Received message from server to modify row 1
DEBUG - Received the first 256 bytes from 26656 for Tastatura
DEBUG - Received message from server to add row for Tastatura
DEBUG - Received message from server to modify row 1
DEBUG - Received message from server to modify row 1
INFO - Starting transfer for Tastatura from user1
DEBUG - Received the first 0 bytes from 26656 for Tastatura
DEBUG - Received the first 256 bytes from 26656 for Tastatura
DEBUG - Received message from server to add row for Mouse
DEBUG - Received message from server to modify row 1
DEBUG - Received message from server to modify row 1
INFO - Starting transfer for Mouse from user1
DEBUG - Received the first 0 bytes from 265 for Mouse
DEBUG - Received the first 256 bytes from 265 for Mouse
DEBUG - Received message from server to add row for Tastatura
DEBUG - Received message from server to modify row 1
DEBUG - Received message from server to modify row 1
DEBUG - Received the first 256 bytes from 26656 for Tastatura
DEBUG - Received the first 512 bytes from 26656 for Tastatura
DEBUG - Received the first 768 bytes from 26656 for Tastatura
DEBUG - Received the first 1024 bytes from 26656 for Tastatura
DEBUG - Received the first 1280 bytes from 26656 for Tastatura
DEBUG - Received the first 1536 bytes from 26656 for Tastatura
DEBUG - Received the first 1792 bytes from 26656 for Tastatura
DEBUG - Received the first 2048 bytes from 26656 for Tastatura
DEBUG - Received the first 2304 bytes from 26656 for Tastatura
DEBUG - Received the first 2560 bytes from 26656 for Tastatura
DEBUG - Received the first 2816 bytes from 26656 for Tastatura
DEBUG - Received the first 3072 bytes from 26656 for Tastatura
DEBUG - Received the first 3328 bytes from 26656 for Tastatura
DEBUG - Received the first 3584 bytes from 26656 for Tastatura
DEBUG - Received the first 3840 bytes from 26656 for Tastatura
DEBUG - Received the first 4096 bytes from 26656 for Tastatura
DEBUG - Received the first 4352 bytes from 26656 for Tastatura
DEBUG - Received the first 4608 bytes from 26656 for Tastatura
DEBUG - Received the first 4864 bytes from 26656 for Tastatura
DEBUG - Received the first 5120 bytes from 26656 for Tastatura
DEBUG - Received the first 5376 bytes from 26656 for Tastatura
DEBUG - Received the first 5632 bytes from 26656 for Tastatura
DEBUG - Received the first 5888 bytes from 26656 for Tastatura
DEBUG - Received the first 6144 bytes from 26656 for Tastatura
DEBUG - Received the first 6400 bytes from 26656 for Tastatura
DEBUG - Received the first 6656 bytes from 26656 for Tastatura
DEBUG - Received the first 6912 bytes from 26656 for Tastatura
DEBUG - Received the first 7168 bytes from 26656 for Tastatura
DEBUG - Received the first 7424 bytes from 26656 for Tastatura
DEBUG - Received the first 7680 bytes from 26656 for Tastatura
DEBUG - Received the first 7936 bytes from 26656 for Tastatura
DEBUG - Received the first 8192 bytes from 26656 for Tastatura
DEBUG - Received the first 8448 bytes from 26656 for Tastatura
DEBUG - Received the first 8704 bytes from 26656 for Tastatura
DEBUG - Received the first 8960 bytes from 26656 for Tastatura
DEBUG - Received the first 9216 bytes from 26656 for Tastatura
DEBUG - Received the first 9472 bytes from 26656 for Tastatura
DEBUG - Received the first 9728 bytes from 26656 for Tastatura
DEBUG - Received the first 9984 bytes from 26656 for Tastatura
DEBUG - Received the first 10240 bytes from 26656 for Tastatura
DEBUG - Received the first 10496 bytes from 26656 for Tastatura
DEBUG - Received the first 10752 bytes from 26656 for Tastatura
DEBUG - Received the first 11008 bytes from 26656 for Tastatura
DEBUG - Received the first 11264 bytes from 26656 for Tastatura
DEBUG - Received the first 11520 bytes from 26656 for Tastatura
DEBUG - Received the first 11776 bytes from 26656 for Tastatura
DEBUG - Received the first 12032 bytes from 26656 for Tastatura
DEBUG - Received the first 12288 bytes from 26656 for Tastatura
DEBUG - Received the first 12544 bytes from 26656 for Tastatura
DEBUG - Received the first 12800 bytes from 26656 for Tastatura
DEBUG - Received the first 13056 bytes from 26656 for Tastatura
DEBUG - Received the first 13312 bytes from 26656 for Tastatura
DEBUG - Received the first 13568 bytes from 26656 for Tastatura
DEBUG - Received the first 13824 bytes from 26656 for Tastatura
DEBUG - Received the first 14080 bytes from 26656 for Tastatura
DEBUG - Received the first 14336 bytes from 26656 for Tastatura
DEBUG - Received the first 14592 bytes from 26656 for Tastatura
DEBUG - Received the first 14848 bytes from 26656 for Tastatura
DEBUG - Received the first 15104 bytes from 26656 for Tastatura
DEBUG - Received the first 15360 bytes from 26656 for Tastatura
DEBUG - Received the first 15616 bytes from 26656 for Tastatura
DEBUG - Received the first 15872 bytes from 26656 for Tastatura
DEBUG - Received the first 16128 bytes from 26656 for Tastatura
DEBUG - Received the first 16384 bytes from 26656 for Tastatura
DEBUG - Received the first 16640 bytes from 26656 for Tastatura
DEBUG - Received the first 16896 bytes from 26656 for Tastatura
DEBUG - Received the first 17152 bytes from 26656 for Tastatura
DEBUG - Received the first 17408 bytes from 26656 for Tastatura
DEBUG - Received the first 17664 bytes from 26656 for Tastatura
DEBUG - Received the first 17920 bytes from 26656 for Tastatura
DEBUG - Received the first 18176 bytes from 26656 for Tastatura
DEBUG - Received the first 18432 bytes from 26656 for Tastatura
DEBUG - Received the first 18688 bytes from 26656 for Tastatura
DEBUG - Received the first 18944 bytes from 26656 for Tastatura
DEBUG - Received the first 19200 bytes from 26656 for Tastatura
DEBUG - Received the first 19456 bytes from 26656 for Tastatura
DEBUG - Received the first 19712 bytes from 26656 for Tastatura
DEBUG - Received the first 19968 bytes from 26656 for Tastatura
DEBUG - Received the first 20224 bytes from 26656 for Tastatura
DEBUG - Received the first 20480 bytes from 26656 for Tastatura
DEBUG - Received the first 20736 bytes from 26656 for Tastatura
DEBUG - Received the first 20992 bytes from 26656 for Tastatura
DEBUG - Received the first 21248 bytes from 26656 for Tastatura
DEBUG - Received the first 21504 bytes from 26656 for Tastatura
DEBUG - Received the first 21760 bytes from 26656 for Tastatura
DEBUG - Received the first 22016 bytes from 26656 for Tastatura
DEBUG - Received the first 22272 bytes from 26656 for Tastatura
DEBUG - Received the first 22528 bytes from 26656 for Tastatura
DEBUG - Received the first 22784 bytes from 26656 for Tastatura
DEBUG - Received the first 23040 bytes from 26656 for Tastatura
DEBUG - Received the first 23296 bytes from 26656 for Tastatura
DEBUG - Received the first 23552 bytes from 26656 for Tastatura
DEBUG - Received the first 23808 bytes from 26656 for Tastatura
DEBUG - Received the first 24064 bytes from 26656 for Tastatura
DEBUG - Received the first 24320 bytes from 26656 for Tastatura
DEBUG - Received the first 24576 bytes from 26656 for Tastatura
DEBUG - Received the first 24832 bytes from 26656 for Tastatura
DEBUG - Received the first 25088 bytes from 26656 for Tastatura
DEBUG - Received the first 25344 bytes from 26656 for Tastatura
DEBUG - Received the first 25600 bytes from 26656 for Tastatura
DEBUG - Received the first 25856 bytes from 26656 for Tastatura
DEBUG - Received the first 26112 bytes from 26656 for Tastatura
DEBUG - Received the first 26368 bytes from 26656 for Tastatura
DEBUG - Received the first 26624 bytes from 26656 for Tastatura
DEBUG - Received message from server to add row for Mouse
DEBUG - Received message from server to modify row 1
DEBUG - Received message from server to modify row 1
DEBUG - Received the first 256 bytes from 265 for Mouse
